[2026-02-16T15:49:43.982] [SYSTEM] INFO: Game started successfully
[2026-02-16T15:49:44.924] [UI] INFO: PLAY button clicked
[2026-02-16T15:49:47.259] [INPUT] INFO: Key down: D
[2026-02-16T15:49:47.378] [INPUT] INFO: Key down: A
[2026-02-16T15:49:47.391] [INPUT] INFO: Key down: S
[2026-02-16T15:49:47.509] [INPUT] INFO: Key down: D
[2026-02-16T15:49:47.66] [INPUT] INFO: Key down: W
[2026-02-16T15:49:47.776] [INPUT] INFO: Key down: A
[2026-02-16T15:49:48.192] [INPUT] INFO: Key pressed: ESCAPE
[2026-02-16T15:49:48.957] [UI] INFO: RESUME button clicked
[2026-02-16T15:49:49.326] [INPUT] INFO: Key pressed: ESCAPE
[2026-02-16T15:49:49.825] [UI] INFO: RESUME button clicked
[2026-02-16T15:49:50.196] [INPUT] INFO: Key pressed: ESCAPE
[2026-02-16T15:49:50.656] [UI] INFO: MAIN MENU button clicked
[2026-02-16T15:49:51.874] [UI] INFO: EXIT button clicked
[2026-02-16T15:49:51.894] [SYSTEM] INFO: Game exiting (dispose called)
[2026-02-16T19:05:02.32] [SYSTEM] INFO: Game started successfully
[2026-02-16T19:05:04.17] [UI] INFO: PLAY button clicked
[2026-02-16T19:05:05.186] [INPUT] INFO: Key down: W
[2026-02-16T19:05:05.702] [INPUT] INFO: Key down: A
[2026-02-16T19:05:06.402] [INPUT] INFO: Key down: W
[2026-02-16T19:05:06.919] [INPUT] INFO: Key down: A
[2026-02-16T19:05:07.136] [INPUT] INFO: Key down: D
[2026-02-16T19:05:08.853] [INPUT] INFO: Key down: S
[2026-02-16T19:05:09.469] [INPUT] INFO: Key down: D
[2026-02-16T19:05:09.735] [INPUT] INFO: Key down: A
[2026-02-16T19:05:10.202] [INPUT] INFO: Key down: W
[2026-02-16T19:05:10.987] [INPUT] INFO: Key down: S
[2026-02-16T19:05:11.402] [INPUT] INFO: Key down: D
[2026-02-16T19:05:11.836] [INPUT] INFO: Key down: W
[2026-02-16T19:05:11.968] [INPUT] INFO: Key down: A
[2026-02-16T19:05:12.219] [INPUT] INFO: Key down: S
[2026-02-16T19:05:12.436] [INPUT] INFO: Key down: D
[2026-02-16T19:05:12.652] [INPUT] INFO: Key down: W
[2026-02-16T19:05:12.82] [INPUT] INFO: Key down: A
[2026-02-16T19:05:13.785] [INPUT] INFO: Key down: UP
[2026-02-16T19:05:14.385] [INPUT] INFO: Key down: DOWN
[2026-02-16T19:05:14.968] [INPUT] INFO: Key down: LEFT
[2026-02-16T19:05:15.253] [INPUT] INFO: Key down: RIGHT
[2026-02-16T19:05:15.552] [INPUT] INFO: Key down: W
[2026-02-16T19:05:15.836] [INPUT] INFO: Key down: A
[2026-02-16T19:05:16.019] [INPUT] INFO: Key down: S
[2026-02-16T19:05:16.169] [INPUT] INFO: Key down: D
[2026-02-16T19:05:16.752] [INPUT] INFO: Key down: W
[2026-02-16T19:05:16.887] [INPUT] INFO: Key down: A
[2026-02-16T19:05:18.285] [SYSTEM] INFO: Game exiting (dispose called)
[2026-02-16T19:05:23.393] [SYSTEM] INFO: Game started successfully
[2026-02-16T19:05:24.352] [UI] INFO: EXIT button clicked
[2026-02-16T19:05:24.37] [SYSTEM] INFO: Game exiting (dispose called)
[2026-02-16T19:05:44.759] [SYSTEM] INFO: Game started successfully
[2026-02-16T19:05:45.836] [UI] INFO: PLAY button clicked
[2026-02-16T19:05:46.203] [INPUT] INFO: Key down: W
[2026-02-16T19:05:46.62] [INPUT] INFO: Key down: A
[2026-02-16T19:05:48.384] [INPUT] INFO: Key down: S
[2026-02-16T19:05:50.435] [INPUT] INFO: Key down: D
[2026-02-16T19:05:51.451] [INPUT] INFO: Key down: W
[2026-02-16T19:05:53.368] [INPUT] INFO: Key down: A
[2026-02-16T19:05:53.836] [INPUT] INFO: Key down: S
[2026-02-16T19:06:07.422] [SYSTEM] INFO: Game exiting (dispose called)
[2026-02-16T21:06:57.752] [SYSTEM] INFO: Game started successfully
[2026-02-16T21:06:59.24] [UI] INFO: PLAY button clicked
[2026-02-16T21:07:00.092] [INPUT] INFO: Key down: W
[2026-02-16T21:07:00.503] [INPUT] INFO: Key down: A
[2026-02-16T21:07:00.739] [INPUT] INFO: Key down: S
[2026-02-16T21:07:01.122] [INPUT] INFO: Key down: D
[2026-02-16T21:07:01.572] [INPUT] INFO: Key down: W
[2026-02-16T21:07:02.288] [INPUT] INFO: Key down: D
[2026-02-16T21:07:02.62] [INPUT] INFO: Key down: S
[2026-02-16T21:07:03.169] [INPUT] INFO: Key down: D
[2026-02-16T21:07:03.455] [INPUT] INFO: Key down: W
[2026-02-16T21:07:03.554] [INPUT] INFO: Key down: A
[2026-02-16T21:07:04.921] [INPUT] INFO: Key down: W
[2026-02-16T21:07:05.854] [INPUT] INFO: Key down: S
[2026-02-16T21:07:06.438] [INPUT] INFO: Key down: A
[2026-02-16T21:07:06.971] [INPUT] INFO: Key down: D
[2026-02-16T21:07:07.539] [INPUT] INFO: Key down: W
[2026-02-16T21:07:08.655] [INPUT] INFO: Key down: S
[2026-02-16T21:07:09.204] [INPUT] INFO: Key down: A
[2026-02-16T21:07:09.671] [INPUT] INFO: Key down: W
[2026-02-16T21:07:09.971] [INPUT] INFO: Key down: D
[2026-02-16T21:07:10.237] [INPUT] INFO: Key down: W
[2026-02-16T21:07:10.488] [INPUT] INFO: Key down: A
[2026-02-16T21:07:10.938] [INPUT] INFO: Key down: S
[2026-02-16T21:07:12.37] [INPUT] INFO: Key down: S
[2026-02-16T21:07:15.814] [SYSTEM] INFO: Game exiting (dispose called)
[2026-02-16T21:08:22.623] [SYSTEM] INFO: Game started successfully
[2026-02-16T21:08:31.236] [UI] INFO: PLAY button clicked
[2026-02-16T21:08:32.404] [INPUT] INFO: Key down: W
[2026-02-16T21:08:32.407] [INPUT] INFO: Key down: A
[2026-02-16T21:08:33.235] [INPUT] INFO: Key down: S
[2026-02-16T21:08:33.718] [INPUT] INFO: Key down: D
[2026-02-16T21:08:34.345] [SYSTEM] INFO: Game exiting (dispose called)
[2026-02-16T23:12:43.876] [SYSTEM] INFO: Game started successfully
[2026-02-16T23:12:44.863] [UI] INFO: PLAY button clicked
[2026-02-16T23:12:45.615] [INPUT] INFO: Key down: W
[2026-02-16T23:12:46.265] [INPUT] INFO: Key down: W
[2026-02-16T23:12:46.43] [INPUT] INFO: Key down: A
[2026-02-16T23:12:46.847] [INPUT] INFO: Key down: S
[2026-02-16T23:12:47.464] [INPUT] INFO: Key down: D
[2026-02-16T23:12:47.931] [INPUT] INFO: Key down: W
[2026-02-16T23:12:48.347] [INPUT] INFO: Key down: A
[2026-02-16T23:12:48.981] [INPUT] INFO: Key down: A
[2026-02-16T23:12:49.281] [INPUT] INFO: Key down: S
[2026-02-16T23:12:49.763] [INPUT] INFO: Key down: A
[2026-02-16T23:12:50.747] [INPUT] INFO: Key down: D
[2026-02-16T23:12:51.747] [INPUT] INFO: Key down: W
[2026-02-16T23:12:52.164] [INPUT] INFO: Key down: A
[2026-02-16T23:12:52.379] [INPUT] INFO: Key down: W
[2026-02-16T23:12:52.764] [INPUT] INFO: Key down: S
[2026-02-16T23:12:53.298] [INPUT] INFO: Key down: W
[2026-02-16T23:12:56.898] [UI] INFO: MAIN MENU button clicked
[2026-02-16T23:12:59.076] [SYSTEM] INFO: Game exiting (dispose called)
